<?xml version="1.0" encoding="UTF-8"?>
<!-- Generated by org.testng.reporters.JUnitXMLReporter -->
<testsuite hostname="LAPTOP-8391LUA7" ignored="0" name="User Validation Test" tests="3" failures="1" timestamp="08 Sep 2022 21:38:19 GMT" time="90.286" errors="0">
  <testcase name="userLogin" time="45.922" classname="SeleniumAutomation.UserValidationTest"/>
  <testcase name="userLogin" time="18.651" classname="SeleniumAutomation.UserValidationTest">
    <skipped/>
  </testcase> <!-- userLogin -->
  <testcase name="userLogin" time="24.513" classname="SeleniumAutomation.UserValidationTest">
    <failure type="org.openqa.selenium.TimeoutException" message="Expected condition failed: waiting for visibility of element located by By.cssSelector: .mb-3 (tried for 10 second(s) with 500 milliseconds interval)
Build info: version: &amp;apos;4.4.0&amp;apos;, revision: &amp;apos;e5c75ed026a&amp;apos;
System info: host: &amp;apos;LAPTOP-8391LUA7&amp;apos;, ip: &amp;apos;192.168.138.211&amp;apos;, os.name: &amp;apos;Windows 10&amp;apos;, os.arch: &amp;apos;amd64&amp;apos;, os.version: &amp;apos;10.0&amp;apos;, java.version: &amp;apos;1.8.0_311&amp;apos;
Driver info: org.openqa.selenium.chrome.ChromeDriver
Capabilities {acceptInsecureCerts: false, browserName: chrome, browserVersion: 105.0.5195.102, chrome: {chromedriverVersion: 105.0.5195.52 (412c95e51883..., userDataDir: C:\Users\sonuk\AppData\Loca...}, goog:chromeOptions: {debuggerAddress: localhost:49296}, networkConnectionEnabled: false, pageLoadStrategy: normal, platformName: WINDOWS, proxy: Proxy(), se:cdp: ws://localhost:49296/devtoo..., se:cdpVersion: 105.0.5195.102, setWindowRect: true, strictFileInteractability: false, timeouts: {implicit: 0, pageLoad: 300000, script: 30000}, unhandledPromptBehavior: dismiss and notify, webauthn:extension:credBlob: true, webauthn:extension:largeBlob: true, webauthn:virtualAuthenticators: true}
Session ID: 52d547a9d7f49282c91009a713ba5036">
      <![CDATA[org.openqa.selenium.TimeoutException: Expected condition failed: waiting for visibility of element located by By.cssSelector: .mb-3 (tried for 10 second(s) with 500 milliseconds interval)
Build info: version: '4.4.0', revision: 'e5c75ed026a'
System info: host: 'LAPTOP-8391LUA7', ip: '192.168.138.211', os.name: 'Windows 10', os.arch: 'amd64', os.version: '10.0', java.version: '1.8.0_311'
Driver info: org.openqa.selenium.chrome.ChromeDriver
Capabilities {acceptInsecureCerts: false, browserName: chrome, browserVersion: 105.0.5195.102, chrome: {chromedriverVersion: 105.0.5195.52 (412c95e51883..., userDataDir: C:\Users\sonuk\AppData\Loca...}, goog:chromeOptions: {debuggerAddress: localhost:49296}, networkConnectionEnabled: false, pageLoadStrategy: normal, platformName: WINDOWS, proxy: Proxy(), se:cdp: ws://localhost:49296/devtoo..., se:cdpVersion: 105.0.5195.102, setWindowRect: true, strictFileInteractability: false, timeouts: {implicit: 0, pageLoad: 300000, script: 30000}, unhandledPromptBehavior: dismiss and notify, webauthn:extension:credBlob: true, webauthn:extension:largeBlob: true, webauthn:virtualAuthenticators: true}
Session ID: 52d547a9d7f49282c91009a713ba5036
at org.openqa.selenium.support.ui.WebDriverWait.timeoutException(WebDriverWait.java:87)
at org.openqa.selenium.support.ui.FluentWait.until(FluentWait.java:231)
at AbstractComponents.AbstractComponent.waitForElementToAppear(AbstractComponent.java:24)
at pageObjects.ProductCatalogue.getProductList(ProductCatalogue.java:28)
at SeleniumAutomation.UserValidationTest.userLogin(UserValidationTest.java:32)
... Removed 29 stack frames]]>
    </failure>
  </testcase> <!-- userLogin -->
</testsuite> <!-- User Validation Test -->
